<?xml version="1.0" encoding="UTF-8"?>
<!-- Generated by org.testng.reporters.JUnitReportReporter -->
<testsuite hostname="Lenovo-PC" name="webservice.POSTAPITest" tests="1" failures="0" timestamp="31 May 2017 22:03:12 GMT" time="1.440" errors="0">
  <testcase name="createTest" time="1.440" classname="webservice.POSTAPITest"/>
</testsuite> <!-- webservice.POSTAPITest -->
