<?xml version="1.0" encoding="UTF-8"?>
<!-- Generated by org.testng.reporters.JUnitReportReporter -->
<testsuite hostname="Lenovo-PC" name="webservice.GETAPITest" tests="16" failures="0" timestamp="31 May 2017 22:28:35 GMT" time="1.738" errors="0">
  <testcase name="test2" time="0.021" classname="webservice.GETAPITest"/>
  <testcase name="test3" time="0.022" classname="webservice.GETAPITest"/>
  <testcase name="test11" time="0.022" classname="webservice.GETAPITest"/>
  <testcase name="test15" time="0.021" classname="webservice.GETAPITest"/>
  <testcase name="test10" time="0.039" classname="webservice.GETAPITest"/>
  <testcase name="test12" time="0.028" classname="webservice.GETAPITest"/>
  <testcase name="test7" time="0.019" classname="webservice.GETAPITest"/>
  <testcase name="test8" time="0.018" classname="webservice.GETAPITest"/>
  <testcase name="test14" time="0.023" classname="webservice.GETAPITest"/>
  <testcase name="test1" time="1.381" classname="webservice.GETAPITest"/>
  <testcase name="test6" time="0.014" classname="webservice.GETAPITest"/>
  <testcase name="test16" time="0.020" classname="webservice.GETAPITest"/>
  <testcase name="test13" time="0.018" classname="webservice.GETAPITest"/>
  <testcase name="test9" time="0.049" classname="webservice.GETAPITest"/>
  <testcase name="test5" time="0.020" classname="webservice.GETAPITest"/>
  <testcase name="test4" time="0.023" classname="webservice.GETAPITest"/>
</testsuite> <!-- webservice.GETAPITest -->
