<?xml version="1.0" encoding="UTF-8"?>
<!-- Generated by org.testng.reporters.JUnitReportReporter -->
<testsuite hostname="Lenovo-PC" name="webservice.JacksonAPITest" tests="1" failures="0" timestamp="31 May 2017 22:02:07 GMT" time="0.268" errors="0">
  <testcase name="testJackson" time="0.268" classname="webservice.JacksonAPITest"/>
</testsuite> <!-- webservice.JacksonAPITest -->
